<?xml version="1.0" encoding="UTF-8"?>
<testsuite name="com.joyy.codecoverage.ExampleUnitTest" tests="3" skipped="0" failures="0" errors="0" timestamp="2022-01-07T07:38:49" hostname="QiuWanKuaideMacBook-Pro.local" time="0.006">
  <properties/>
  <testcase name="testAddFunc" classname="com.joyy.codecoverage.ExampleUnitTest" time="0.005"/>
  <testcase name="testMultiplyFunc" classname="com.joyy.codecoverage.ExampleUnitTest" time="0.0"/>
  <testcase name="testDivideFunc" classname="com.joyy.codecoverage.ExampleUnitTest" time="0.0"/>
  <system-out><![CDATA[]]></system-out>
  <system-err><![CDATA[]]></system-err>
</testsuite>
